d:\data\projects\проекты c++\storageapp\storageapp\debug\vc142.pdb
d:\data\projects\проекты c++\storageapp\storageapp\debug\.netframework,version=v4.7.2.assemblyattributes.obj
d:\data\projects\проекты c++\storageapp\storageapp\debug\.netframework,version=v4.7.2.assemblyattributes.asm
d:\data\projects\проекты c++\storageapp\storageapp\debug\storage.obj
d:\data\projects\проекты c++\storageapp\storageapp\debug\partner.obj
d:\data\projects\проекты c++\storageapp\storageapp\debug\implementation.obj
d:\data\projects\проекты c++\storageapp\storageapp\debug\good.obj
d:\data\projects\проекты c++\storageapp\storageapp\debug\delivery.obj
d:\data\projects\проекты c++\storageapp\storageapp\debug\storageapp.exe
d:\data\projects\проекты c++\storageapp\storageapp\debug\storageapp.pdb
d:\data\projects\проекты c++\storageapp\storageapp\debug\storageapp.myform.resources
d:\data\projects\проекты c++\storageapp\storageapp\debug\storageapp.vcxproj.generateresource.cache
d:\data\projects\проекты c++\storageapp\storageapp\debug\storageapp.vcxprojassemblyreference.cache
d:\data\projects\проекты c++\storageapp\storageapp\debug\storageapp.exe.metagen
d:\data\projects\проекты c++\storageapp\storageapp\debug\storageapp.tlog\cl.command.1.tlog
d:\data\projects\проекты c++\storageapp\storageapp\debug\storageapp.tlog\cl.read.1.tlog
d:\data\projects\проекты c++\storageapp\storageapp\debug\storageapp.tlog\cl.write.1.tlog
d:\data\projects\проекты c++\storageapp\storageapp\debug\storageapp.tlog\link.command.1.tlog
d:\data\projects\проекты c++\storageapp\storageapp\debug\storageapp.tlog\link.read.1.tlog
d:\data\projects\проекты c++\storageapp\storageapp\debug\storageapp.tlog\link.write.1.tlog
d:\data\projects\проекты c++\storageapp\storageapp\debug\storageapp.tlog\metagen.read.1.tlog
d:\data\projects\проекты c++\storageapp\storageapp\debug\storageapp.tlog\metagen.write.1.tlog
d:\data\projects\проекты c++\storageapp\storageapp\debug\storageapp.tlog\storageapp.write.1u.tlog
